{"uid":"d4ef8481a41d6fa2","name":"test_valid_login","fullName":"tests.test_actions.LoginTest#test_valid_login","historyId":"fe86e9c1fdbfb6bf685103604f786145","time":{"start":1759601032360,"stop":1759601056304,"duration":23944},"status":"broken","statusMessage":"selenium.common.exceptions.NoSuchElementException: Message: no such element: Unable to locate element: {\"method\":\"css selector\",\"selector\":\"[id=\"at-field-username_and_email\"]\"}\n  (Session info: chrome=140.0.7339.207)\nStacktrace:\n#0 0x55f5242a3fba <unknown>\n#1 0x55f523d286d0 <unknown>\n#2 0x55f523d7a2aa <unknown>\n#3 0x55f523d7a541 <unknown>\n#4 0x55f523dc86c4 <unknown>\n#5 0x55f523d9fe5d <unknown>\n#6 0x55f523dc5b54 <unknown>\n#7 0x55f523d9fc03 <unknown>\n#8 0x55f523d6c7a8 <unknown>\n#9 0x55f523d6d421 <unknown>\n#10 0x55f524268b28 <unknown>\n#11 0x55f52426c87f <unknown>\n#12 0x55f524250c49 <unknown>\n#13 0x55f52426d405 <unknown>\n#14 0x55f5242364ff <unknown>\n#15 0x55f524291258 <unknown>\n#16 0x55f524291432 <unknown>\n#17 0x55f5242a2fa3 <unknown>\n#18 0x7f345189caa4 <unknown>\n#19 0x7f3451929c6c <unknown>","statusTrace":"self = <test_actions.LoginTest testMethod=test_valid_login>\n\n    def test_valid_login(self):\n        homePage = (\n            self.login_page\n>           .login_as_valid_user(\"Rabeea.30.03@gmail.com\", \"123456789\")\n        )\n\ntests/test_actions.py:39: \n_ _ _ _ _ _ _ _ _ _ _ _ _ _ _ _ _ _ _ _ _ _ _ _ _ _ _ _ _ _ _ _ _ _ _ _ _ _ _ _ \npages/login_page.py:25: in login_as_valid_user\n    self.driver.find_element(*self.email_field).send_keys(username)\n/opt/hostedtoolcache/Python/3.11.13/x64/lib/python3.11/site-packages/selenium/webdriver/remote/webdriver.py:1238: in find_element\n    return self.execute(Command.FIND_ELEMENT, {\n/opt/hostedtoolcache/Python/3.11.13/x64/lib/python3.11/site-packages/selenium/webdriver/remote/webdriver.py:418: in execute\n    self.error_handler.check_response(response)\n_ _ _ _ _ _ _ _ _ _ _ _ _ _ _ _ _ _ _ _ _ _ _ _ _ _ _ _ _ _ _ _ _ _ _ _ _ _ _ _ \n\nself = <selenium.webdriver.remote.errorhandler.ErrorHandler object at 0x7f212ac68a90>\nresponse = {'status': 404, 'value': '{\"value\":{\"error\":\"no such element\",\"message\":\"no such element: Unable to locate element: {\\...\\\\n#17 0x55f5242a2fa3 \\\\u003Cunknown>\\\\n#18 0x7f345189caa4 \\\\u003Cunknown>\\\\n#19 0x7f3451929c6c \\\\u003Cunknown>\\\\n\"}}'}\n\n    def check_response(self, response: Dict[str, Any]) -> None:\n        \"\"\"\n        Checks that a JSON response from the WebDriver does not have an error.\n    \n        :Args:\n         - response - The JSON response from the WebDriver server as a dictionary\n           object.\n    \n        :Raises: If the response contains an error message.\n        \"\"\"\n        status = response.get('status', None)\n        if not status or status == ErrorCode.SUCCESS:\n            return\n        value = None\n        message = response.get(\"message\", \"\")\n        screen: str = response.get(\"screen\", \"\")\n        stacktrace = None\n        if isinstance(status, int):\n            value_json = response.get('value', None)\n            if value_json and isinstance(value_json, str):\n                import json\n                try:\n                    value = json.loads(value_json)\n                    if len(value.keys()) == 1:\n                        value = value['value']\n                    status = value.get('error', None)\n                    if not status:\n                        status = value.get(\"status\", ErrorCode.UNKNOWN_ERROR)\n                        message = value.get(\"value\") or value.get(\"message\")\n                        if not isinstance(message, str):\n                            value = message\n                            message = message.get('message')\n                    else:\n                        message = value.get('message', None)\n                except ValueError:\n                    pass\n    \n        exception_class: Type[WebDriverException]\n        if status in ErrorCode.NO_SUCH_ELEMENT:\n            exception_class = NoSuchElementException\n        elif status in ErrorCode.NO_SUCH_FRAME:\n            exception_class = NoSuchFrameException\n        elif status in ErrorCode.NO_SUCH_WINDOW:\n            exception_class = NoSuchWindowException\n        elif status in ErrorCode.STALE_ELEMENT_REFERENCE:\n            exception_class = StaleElementReferenceException\n        elif status in ErrorCode.ELEMENT_NOT_VISIBLE:\n            exception_class = ElementNotVisibleException\n        elif status in ErrorCode.INVALID_ELEMENT_STATE:\n            exception_class = InvalidElementStateException\n        elif status in ErrorCode.INVALID_SELECTOR \\\n                or status in ErrorCode.INVALID_XPATH_SELECTOR \\\n                or status in ErrorCode.INVALID_XPATH_SELECTOR_RETURN_TYPER:\n            exception_class = InvalidSelectorException\n        elif status in ErrorCode.ELEMENT_IS_NOT_SELECTABLE:\n            exception_class = ElementNotSelectableException\n        elif status in ErrorCode.ELEMENT_NOT_INTERACTABLE:\n            exception_class = ElementNotInteractableException\n        elif status in ErrorCode.INVALID_COOKIE_DOMAIN:\n            exception_class = InvalidCookieDomainException\n        elif status in ErrorCode.UNABLE_TO_SET_COOKIE:\n            exception_class = UnableToSetCookieException\n        elif status in ErrorCode.TIMEOUT:\n            exception_class = TimeoutException\n        elif status in ErrorCode.SCRIPT_TIMEOUT:\n            exception_class = TimeoutException\n        elif status in ErrorCode.UNKNOWN_ERROR:\n            exception_class = WebDriverException\n        elif status in ErrorCode.UNEXPECTED_ALERT_OPEN:\n            exception_class = UnexpectedAlertPresentException\n        elif status in ErrorCode.NO_ALERT_OPEN:\n            exception_class = NoAlertPresentException\n        elif status in ErrorCode.IME_NOT_AVAILABLE:\n            exception_class = ImeNotAvailableException\n        elif status in ErrorCode.IME_ENGINE_ACTIVATION_FAILED:\n            exception_class = ImeActivationFailedException\n        elif status in ErrorCode.MOVE_TARGET_OUT_OF_BOUNDS:\n            exception_class = MoveTargetOutOfBoundsException\n        elif status in ErrorCode.JAVASCRIPT_ERROR:\n            exception_class = JavascriptException\n        elif status in ErrorCode.SESSION_NOT_CREATED:\n            exception_class = SessionNotCreatedException\n        elif status in ErrorCode.INVALID_ARGUMENT:\n            exception_class = InvalidArgumentException\n        elif status in ErrorCode.NO_SUCH_COOKIE:\n            exception_class = NoSuchCookieException\n        elif status in ErrorCode.UNABLE_TO_CAPTURE_SCREEN:\n            exception_class = ScreenshotException\n        elif status in ErrorCode.ELEMENT_CLICK_INTERCEPTED:\n            exception_class = ElementClickInterceptedException\n        elif status in ErrorCode.INSECURE_CERTIFICATE:\n            exception_class = InsecureCertificateException\n        elif status in ErrorCode.INVALID_COORDINATES:\n            exception_class = InvalidCoordinatesException\n        elif status in ErrorCode.INVALID_SESSION_ID:\n            exception_class = InvalidSessionIdException\n        elif status in ErrorCode.UNKNOWN_METHOD:\n            exception_class = UnknownMethodException\n        else:\n            exception_class = WebDriverException\n        if not value:\n            value = response['value']\n        if isinstance(value, str):\n            raise exception_class(value)\n        if message == \"\" and 'message' in value:\n            message = value['message']\n    \n        screen = None  # type: ignore[assignment]\n        if 'screen' in value:\n            screen = value['screen']\n    \n        stacktrace = None\n        st_value = value.get('stackTrace') or value.get('stacktrace')\n        if st_value:\n            if isinstance(st_value, str):\n                stacktrace = st_value.split('\\n')\n            else:\n                stacktrace = []\n                try:\n                    for frame in st_value:\n                        line = self._value_or_default(frame, 'lineNumber', '')\n                        file = self._value_or_default(frame, 'fileName', '<anonymous>')\n                        if line:\n                            file = \"%s:%s\" % (file, line)\n                        meth = self._value_or_default(frame, 'methodName', '<anonymous>')\n                        if 'className' in frame:\n                            meth = \"%s.%s\" % (frame['className'], meth)\n                        msg = \"    at %s (%s)\"\n                        msg = msg % (meth, file)\n                        stacktrace.append(msg)\n                except TypeError:\n                    pass\n        if exception_class == UnexpectedAlertPresentException:\n            alert_text = None\n            if 'data' in value:\n                alert_text = value['data'].get('text')\n            elif 'alert' in value:\n                alert_text = value['alert'].get('text')\n            raise exception_class(message, screen, stacktrace, alert_text)  # type: ignore[call-arg]  # mypy is not smart enough here\n>       raise exception_class(message, screen, stacktrace)\nE       selenium.common.exceptions.NoSuchElementException: Message: no such element: Unable to locate element: {\"method\":\"css selector\",\"selector\":\"[id=\"at-field-username_and_email\"]\"}\nE         (Session info: chrome=140.0.7339.207)\nE       Stacktrace:\nE       #0 0x55f5242a3fba <unknown>\nE       #1 0x55f523d286d0 <unknown>\nE       #2 0x55f523d7a2aa <unknown>\nE       #3 0x55f523d7a541 <unknown>\nE       #4 0x55f523dc86c4 <unknown>\nE       #5 0x55f523d9fe5d <unknown>\nE       #6 0x55f523dc5b54 <unknown>\nE       #7 0x55f523d9fc03 <unknown>\nE       #8 0x55f523d6c7a8 <unknown>\nE       #9 0x55f523d6d421 <unknown>\nE       #10 0x55f524268b28 <unknown>\nE       #11 0x55f52426c87f <unknown>\nE       #12 0x55f524250c49 <unknown>\nE       #13 0x55f52426d405 <unknown>\nE       #14 0x55f5242364ff <unknown>\nE       #15 0x55f524291258 <unknown>\nE       #16 0x55f524291432 <unknown>\nE       #17 0x55f5242a2fa3 <unknown>\nE       #18 0x7f345189caa4 <unknown>\nE       #19 0x7f3451929c6c <unknown>\n\n/opt/hostedtoolcache/Python/3.11.13/x64/lib/python3.11/site-packages/selenium/webdriver/remote/errorhandler.py:243: NoSuchElementException","flaky":false,"newFailed":false,"newBroken":false,"newPassed":false,"retriesCount":0,"retriesStatusChange":false,"beforeStages":[{"name":"_unittest_setUpClass_fixture_LoginTest","time":{"start":1759601011654,"stop":1759601011654,"duration":0},"status":"passed","steps":[],"attachments":[],"parameters":[],"shouldDisplayMessage":false,"stepsCount":0,"attachmentsCount":0,"hasContent":false,"attachmentStep":false}],"afterStages":[{"name":"_unittest_setUpClass_fixture_LoginTest::0","time":{"start":1759601056347,"stop":1759601056347,"duration":0},"status":"passed","steps":[],"attachments":[],"parameters":[],"shouldDisplayMessage":false,"stepsCount":0,"attachmentsCount":0,"hasContent":false,"attachmentStep":false}],"labels":[{"name":"parentSuite","value":"tests"},{"name":"suite","value":"test_actions"},{"name":"subSuite","value":"LoginTest"},{"name":"host","value":"runnervmwhb2z"},{"name":"thread","value":"2712-MainThread"},{"name":"framework","value":"pytest"},{"name":"language","value":"cpython3"},{"name":"package","value":"tests.test_actions"},{"name":"resultFormat","value":"allure2"}],"parameters":[],"links":[],"hidden":false,"retry":false,"extra":{"severity":"normal","retries":[],"categories":[{"name":"UI Tests","messageRegex":".*ui.*|.*selenium.*","traceRegex":".*ui.*|.*selenium.*","matchedStatuses":[]},{"name":"Browser Issues","messageRegex":".*webdriver.*|.*browser.*|.*chrome.*|.*firefox.*","matchedStatuses":[]},{"name":"Element Not Found","messageRegex":".*element.*not.*found.*|.*no.*such.*element.*","matchedStatuses":[]}],"tags":[]},"source":"d4ef8481a41d6fa2.json","parameterValues":[]}